table   time: 32.394 ms
comp   time 2.294 ms B/W 313807.5 MB/s 
merge  time: 0.265 ms
table8[0] = 12
table8[1] = 255
table8[2] = 254
table8[3] = 253
table8[4] = 252
table8[5] = 251
table8[6] = 250
table8[7] = 249
table8[8] = 248
table8[9] = 247
table8[10] = 246
table8[11] = 245
table8[12] = 244
table8[13] = 243
table8[14] = 242
table8[15] = 241
table8[16] = 240
table8[17] = 239
table8[18] = 238
table8[19] = 237
table8[20] = 236
table8[21] = 235
table8[22] = 234
table8[23] = 233
table8[24] = 232
table8[25] = 231
table8[26] = 230
table8[27] = 229
table8[28] = 228
table8[29] = 227
table8[30] = 226
table8[31] = 225
table8[32] = 224
table8[33] = 223
table8[34] = 222
table8[35] = 221
table8[36] = 220
table8[37] = 219
table8[38] = 218
table8[39] = 217
table8[40] = 216
table8[41] = 215
table8[42] = 214
table8[43] = 213
table8[44] = 212
table8[45] = 211
table8[46] = 210
table8[47] = 209
table8[48] = 208
table8[49] = 207
table8[50] = 206
table8[51] = 205
table8[52] = 204
table8[53] = 203
table8[54] = 202
table8[55] = 201
table8[56] = 200
table8[57] = 199
table8[58] = 198
table8[59] = 197
table8[60] = 196
table8[61] = 195
table8[62] = 194
table8[63] = 193
table8[64] = 192
table8[65] = 191
table8[66] = 190
table8[67] = 189
table8[68] = 188
table8[69] = 187
table8[70] = 186
table8[71] = 185
table8[72] = 184
table8[73] = 183
table8[74] = 182
table8[75] = 181
table8[76] = 180
table8[77] = 179
table8[78] = 178
table8[79] = 177
table8[80] = 176
table8[81] = 175
table8[82] = 174
table8[83] = 173
table8[84] = 172
table8[85] = 171
table8[86] = 170
table8[87] = 169
table8[88] = 168
table8[89] = 167
table8[90] = 166
table8[91] = 165
table8[92] = 164
table8[93] = 163
table8[94] = 162
table8[95] = 161
table8[96] = 160
table8[97] = 159
table8[98] = 158
table8[99] = 157
table8[100] = 156
table8[101] = 155
table8[102] = 154
table8[103] = 153
table8[104] = 152
table8[105] = 30
table8[106] = 29
table8[107] = 28
table8[108] = 27
table8[109] = 26
table8[110] = 25
table8[111] = 24
table8[112] = 23
table8[113] = 21
table8[114] = 19
table8[115] = 18
table8[116] = 16
table8[117] = 14
table8[118] = 13
table8[119] = 11
table8[120] = 9
table8[121] = 8
table8[122] = 7
table8[123] = 5
table8[124] = 4
table8[125] = 2
table8[126] = 1
table8[127] = 0
table8[128] = 3
table8[129] = 6
table8[130] = 10
table8[131] = 15
table8[132] = 17
table8[133] = 20
table8[134] = 22
table8[135] = 151
table8[136] = 150
table8[137] = 149
table8[138] = 148
table8[139] = 147
table8[140] = 146
table8[141] = 145
table8[142] = 144
table8[143] = 143
table8[144] = 142
table8[145] = 141
table8[146] = 140
table8[147] = 139
table8[148] = 138
table8[149] = 137
table8[150] = 136
table8[151] = 135
table8[152] = 134
table8[153] = 133
table8[154] = 132
table8[155] = 131
table8[156] = 130
table8[157] = 129
table8[158] = 128
table8[159] = 127
table8[160] = 126
table8[161] = 125
table8[162] = 124
table8[163] = 123
table8[164] = 122
table8[165] = 121
table8[166] = 120
table8[167] = 119
table8[168] = 118
table8[169] = 117
table8[170] = 116
table8[171] = 115
table8[172] = 114
table8[173] = 113
table8[174] = 112
table8[175] = 111
table8[176] = 110
table8[177] = 109
table8[178] = 108
table8[179] = 107
table8[180] = 106
table8[181] = 105
table8[182] = 104
table8[183] = 103
table8[184] = 102
table8[185] = 101
table8[186] = 100
table8[187] = 99
table8[188] = 98
table8[189] = 97
table8[190] = 96
table8[191] = 95
table8[192] = 94
table8[193] = 93
table8[194] = 92
table8[195] = 91
table8[196] = 90
table8[197] = 89
table8[198] = 88
table8[199] = 87
table8[200] = 86
table8[201] = 85
table8[202] = 84
table8[203] = 83
table8[204] = 82
table8[205] = 81
table8[206] = 80
table8[207] = 79
table8[208] = 78
table8[209] = 77
table8[210] = 76
table8[211] = 75
table8[212] = 74
table8[213] = 73
table8[214] = 72
table8[215] = 71
table8[216] = 70
table8[217] = 69
table8[218] = 68
table8[219] = 67
table8[220] = 66
table8[221] = 65
table8[222] = 64
table8[223] = 63
table8[224] = 62
table8[225] = 61
table8[226] = 60
table8[227] = 59
table8[228] = 58
table8[229] = 57
table8[230] = 56
table8[231] = 55
table8[232] = 54
table8[233] = 53
table8[234] = 52
table8[235] = 51
table8[236] = 50
table8[237] = 49
table8[238] = 48
table8[239] = 47
table8[240] = 46
table8[241] = 45
table8[242] = 44
table8[243] = 43
table8[244] = 42
table8[245] = 41
table8[246] = 40
table8[247] = 39
table8[248] = 38
table8[249] = 37
table8[250] = 36
table8[251] = 35
table8[252] = 34
table8[253] = 33
table8[254] = 32
table8[255] = 31
blockNum: 23040
threadBlockNum: 48
compLevel: 0
tileLength: 16
dataType: 0
mblLength: 4
options: 3
histogramBytes: 256
Size before compression: 754974720
Compressed size: 662701664
cr: 1.139238
compressedHost and compressedHostMerged are not equal at index 17
merge B/W: 1907318.1 MB/s
